ğŸš€ Processing 1 files

ğŸ“„ Processing: R8å§”å“¡ä¼šç·¨æˆ.xlsx (excel)
  âœ… 1 sheets detected
Creating page: R8å§”å“¡ä¼šç·¨æˆ - R8å¹´å§”å“¡ä¼šè‰æ¡ˆ under 180a308cd37244a98086b739510811f8
âŒ Error processing R8å§”å“¡ä¼šç·¨æˆ.xlsx: Could not find page with ID: 
180a308c-d372-44a9-8086-b739510811f8. Make sure the relevant pages and 
databases are shared with your integration.
Traceback (most recent call last):
  File "C:\Users\owner\AppData\Local\Python\pythoncore-3.14-64\Lib\site-packages\notion_client\client.py", line 158, in _parse_response
    response.raise_for_status()
    ~~~~~~~~~~~~~~~~~~~~~~~~~^^
  File "C:\Users\owner\AppData\Local\Python\pythoncore-3.14-64\Lib\site-packages\httpx\_models.py", line 829, in raise_for_status
    raise HTTPStatusError(message, request=request, response=self)
httpx.HTTPStatusError: Client error '404 Not Found' for url 'https://api.notion.com/v1/pages'
For more information check: https://developer.mozilla.org/en-US/docs/Web/HTTP/Status/404

During handling of the above exception, another exception occurred:

Traceback (most recent call last):
  File "C:\Users\owner\Desktop\notion\docs-to-notion\src\main.py", line 35, in process_file
    url = creator.create_page(title=title, blocks=blocks)
  File "C:\Users\owner\Desktop\notion\docs-to-notion\src\notion_client_wrapper.py", line 24, in create_page
    response = self.client.pages.create(
        parent={"page_id": self.parent_page_id},
        properties={"title": [{"text": {"content": title}}]},
        children=first_batch
    )
  File "C:\Users\owner\AppData\Local\Python\pythoncore-3.14-64\Lib\site-packages\notion_client\api_endpoints.py", line 265, in create
    return self.parent.request(
           ~~~~~~~~~~~~~~~~~~~^
        path="pages",
        ^^^^^^^^^^^^^
    ...<12 lines>...
        auth=kwargs.get("auth"),
        ^^^^^^^^^^^^^^^^^^^^^^^^
    )
    ^
  File "C:\Users\owner\AppData\Local\Python\pythoncore-3.14-64\Lib\site-packages\notion_client\client.py", line 230, in request
    return self._parse_response(response)
           ~~~~~~~~~~~~~~~~~~~~^^^^^^^^^^
  File "C:\Users\owner\AppData\Local\Python\pythoncore-3.14-64\Lib\site-packages\notion_client\client.py", line 161, in _parse_response
    raise build_request_error(error.response, body_text)
notion_client.errors.APIResponseError: Could not find page with ID: 180a308c-d372-44a9-8086-b739510811f8. Make sure the relevant pages and databases are shared with your integration.
